{"level":"info","message":"Hello from Acquisitions!","service":"acquisitions-api"}
{"level":"info","message":"::1 - - [26/Sep/2025:09:41:31 +0000] \"GET / HTTP/1.1\" 200 24 \"-\" \"Mozilla/5.0 (Windows NT 10.0; Win64; x64) AppleWebKit/537.36 (KHTML, like Gecko) Chrome/140.0.0.0 Safari/537.36\"","service":"acquisitions-api"}
{"level":"info","message":"::1 - - [26/Sep/2025:09:41:31 +0000] \"GET /favicon.ico HTTP/1.1\" 404 150 \"-\" \"Mozilla/5.0 (Windows NT 10.0; Win64; x64) AppleWebKit/537.36 (KHTML, like Gecko) Chrome/140.0.0.0 Safari/537.36\"","service":"acquisitions-api"}
{"level":"info","message":"Hello from Acquisitions!","service":"acquisitions-api"}
{"level":"info","message":"::1 - - [26/Sep/2025:09:42:39 +0000] \"GET / HTTP/1.1\" 304 - \"-\" \"Mozilla/5.0 (Windows NT 10.0; Win64; x64) AppleWebKit/537.36 (KHTML, like Gecko) Chrome/140.0.0.0 Safari/537.36\"","service":"acquisitions-api"}
{"level":"info","message":"Hello from Acquisitions!","service":"acquisitions-api"}
{"level":"info","message":"::1 - - [26/Sep/2025:09:42:45 +0000] \"GET / HTTP/1.1\" 304 - \"-\" \"Mozilla/5.0 (Windows NT 10.0; Win64; x64) AppleWebKit/537.36 (KHTML, like Gecko) Chrome/140.0.0.0 Safari/537.36\"","service":"acquisitions-api"}
{"level":"info","message":"Hello from Acquisitions!","service":"acquisitions-api"}
{"level":"info","message":"::1 - - [26/Sep/2025:09:42:46 +0000] \"GET / HTTP/1.1\" 304 - \"-\" \"Mozilla/5.0 (Windows NT 10.0; Win64; x64) AppleWebKit/537.36 (KHTML, like Gecko) Chrome/140.0.0.0 Safari/537.36\"","service":"acquisitions-api"}
{"level":"info","message":"Hello from Acquisitions!","service":"acquisitions-api"}
{"level":"info","message":"::1 - - [26/Sep/2025:09:42:46 +0000] \"GET / HTTP/1.1\" 304 - \"-\" \"Mozilla/5.0 (Windows NT 10.0; Win64; x64) AppleWebKit/537.36 (KHTML, like Gecko) Chrome/140.0.0.0 Safari/537.36\"","service":"acquisitions-api"}
{"level":"info","message":"Hello from Acquisitions!","service":"acquisitions-api"}
{"level":"info","message":"::1 - - [26/Sep/2025:09:42:46 +0000] \"GET / HTTP/1.1\" 304 - \"-\" \"Mozilla/5.0 (Windows NT 10.0; Win64; x64) AppleWebKit/537.36 (KHTML, like Gecko) Chrome/140.0.0.0 Safari/537.36\"","service":"acquisitions-api"}
{"level":"info","message":"Hello from Acquisitions!","service":"acquisitions-api"}
{"level":"info","message":"::1 - - [26/Sep/2025:09:42:47 +0000] \"GET / HTTP/1.1\" 304 - \"-\" \"Mozilla/5.0 (Windows NT 10.0; Win64; x64) AppleWebKit/537.36 (KHTML, like Gecko) Chrome/140.0.0.0 Safari/537.36\"","service":"acquisitions-api"}
{"level":"info","message":"Hello from Acquisitions!","service":"acquisitions-api"}
{"level":"info","message":"::1 - - [26/Sep/2025:09:42:47 +0000] \"GET / HTTP/1.1\" 304 - \"-\" \"Mozilla/5.0 (Windows NT 10.0; Win64; x64) AppleWebKit/537.36 (KHTML, like Gecko) Chrome/140.0.0.0 Safari/537.36\"","service":"acquisitions-api"}
{"level":"info","message":"Hello from Acquisitions!","service":"acquisitions-api"}
{"level":"info","message":"::1 - - [26/Sep/2025:13:27:43 +0000] \"GET / HTTP/1.1\" 304 - \"-\" \"Mozilla/5.0 (Windows NT 10.0; Win64; x64) AppleWebKit/537.36 (KHTML, like Gecko) Chrome/140.0.0.0 Safari/537.36\"","service":"acquisitions-api"}
{"level":"info","message":"::1 - - [26/Sep/2025:13:27:43 +0000] \"GET /favicon.ico HTTP/1.1\" 404 150 \"-\" \"Mozilla/5.0 (Windows NT 10.0; Win64; x64) AppleWebKit/537.36 (KHTML, like Gecko) Chrome/140.0.0.0 Safari/537.36\"","service":"acquisitions-api"}
{"level":"info","message":"::1 - - [26/Sep/2025:13:27:51 +0000] \"GET /health HTTP/1.1\" 200 74 \"-\" \"Mozilla/5.0 (Windows NT 10.0; Win64; x64) AppleWebKit/537.36 (KHTML, like Gecko) Chrome/140.0.0.0 Safari/537.36\"","service":"acquisitions-api"}
{"level":"info","message":"::1 - - [26/Sep/2025:13:27:52 +0000] \"GET /health HTTP/1.1\" 200 74 \"-\" \"Mozilla/5.0 (Windows NT 10.0; Win64; x64) AppleWebKit/537.36 (KHTML, like Gecko) Chrome/140.0.0.0 Safari/537.36\"","service":"acquisitions-api"}
{"level":"info","message":"::1 - - [26/Sep/2025:13:27:53 +0000] \"GET /health HTTP/1.1\" 200 74 \"-\" \"Mozilla/5.0 (Windows NT 10.0; Win64; x64) AppleWebKit/537.36 (KHTML, like Gecko) Chrome/140.0.0.0 Safari/537.36\"","service":"acquisitions-api"}
{"level":"info","message":"::1 - - [26/Sep/2025:13:27:53 +0000] \"GET /health HTTP/1.1\" 200 74 \"-\" \"Mozilla/5.0 (Windows NT 10.0; Win64; x64) AppleWebKit/537.36 (KHTML, like Gecko) Chrome/140.0.0.0 Safari/537.36\"","service":"acquisitions-api"}
{"level":"info","message":"::1 - - [26/Sep/2025:13:27:53 +0000] \"GET /health HTTP/1.1\" 200 74 \"-\" \"Mozilla/5.0 (Windows NT 10.0; Win64; x64) AppleWebKit/537.36 (KHTML, like Gecko) Chrome/140.0.0.0 Safari/537.36\"","service":"acquisitions-api"}
{"level":"info","message":"::1 - - [26/Sep/2025:13:27:58 +0000] \"GET /api HTTP/1.1\" 200 42 \"-\" \"Mozilla/5.0 (Windows NT 10.0; Win64; x64) AppleWebKit/537.36 (KHTML, like Gecko) Chrome/140.0.0.0 Safari/537.36\"","service":"acquisitions-api"}
{"level":"info","message":"::1 - - [26/Sep/2025:13:28:03 +0000] \"GET /api/auth HTTP/1.1\" 404 147 \"-\" \"Mozilla/5.0 (Windows NT 10.0; Win64; x64) AppleWebKit/537.36 (KHTML, like Gecko) Chrome/140.0.0.0 Safari/537.36\"","service":"acquisitions-api"}
{"level":"info","message":"::1 - - [26/Sep/2025:13:29:27 +0000] \"GET /api HTTP/1.1\" 304 - \"-\" \"Mozilla/5.0 (Windows NT 10.0; Win64; x64) AppleWebKit/537.36 (KHTML, like Gecko) Chrome/140.0.0.0 Safari/537.36\"","service":"acquisitions-api"}
{"level":"info","message":"::1 - - [26/Sep/2025:13:30:03 +0000] \"GET /api/auth/sign-in HTTP/1.1\" 404 155 \"-\" \"Mozilla/5.0 (Windows NT 10.0; Win64; x64) AppleWebKit/537.36 (KHTML, like Gecko) Chrome/140.0.0.0 Safari/537.36\"","service":"acquisitions-api"}
{"level":"info","message":"::1 - - [26/Sep/2025:13:30:12 +0000] \"GET /api/auth/sign-in HTTP/1.1\" 404 155 \"-\" \"Mozilla/5.0 (Windows NT 10.0; Win64; x64) AppleWebKit/537.36 (KHTML, like Gecko) Chrome/140.0.0.0 Safari/537.36\"","service":"acquisitions-api"}
{"level":"info","message":"::1 - - [26/Sep/2025:13:31:42 +0000] \"POST /api/auth/sign-in HTTP/1.1\" 200 22 \"-\" \"PostmanRuntime/7.44.1\"","service":"acquisitions-api"}
{"level":"info","message":"::1 - - [27/Sep/2025:03:58:09 +0000] \"POST /api/auth/sign-up HTTP/1.1\" 200 22 \"-\" \"PostmanRuntime/7.48.0\"","service":"acquisitions-api"}
{"level":"info","message":"::1 - - [27/Sep/2025:03:59:16 +0000] \"POST /api/auth/sign-up HTTP/1.1\" 400 92 \"-\" \"PostmanRuntime/7.48.0\"","service":"acquisitions-api"}
{"level":"info","message":"::1 - - [27/Sep/2025:04:01:13 +0000] \"POST /api/auth/sign-up HTTP/1.1\" 400 92 \"-\" \"PostmanRuntime/7.48.0\"","service":"acquisitions-api"}
{"level":"info","message":"::1 - - [27/Sep/2025:04:01:33 +0000] \"POST /api/auth/sign-up HTTP/1.1\" 400 92 \"-\" \"PostmanRuntime/7.48.0\"","service":"acquisitions-api"}
{"level":"info","message":"::1 - - [27/Sep/2025:04:01:45 +0000] \"POST /api/auth/sign-up HTTP/1.1\" 400 92 \"-\" \"PostmanRuntime/7.48.0\"","service":"acquisitions-api"}
{"level":"info","message":"::1 - - [27/Sep/2025:04:02:13 +0000] \"POST /api/auth/sign-up HTTP/1.1\" 400 92 \"-\" \"PostmanRuntime/7.48.0\"","service":"acquisitions-api"}
{"level":"info","message":"::1 - - [27/Sep/2025:04:02:47 +0000] \"POST /api/auth/sign-up HTTP/1.1\" 400 92 \"-\" \"PostmanRuntime/7.48.0\"","service":"acquisitions-api"}
{"level":"info","message":"::1 - - [27/Sep/2025:04:03:31 +0000] \"POST /api/auth/sign-up HTTP/1.1\" 400 92 \"-\" \"PostmanRuntime/7.48.0\"","service":"acquisitions-api"}
{"level":"info","message":"::1 - - [27/Sep/2025:04:05:33 +0000] \"POST /api/auth/sign-up HTTP/1.1\" 400 92 \"-\" \"PostmanRuntime/7.48.0\"","service":"acquisitions-api"}
{"level":"info","message":"User registered successfully : dododo@gmail.com","service":"acquisitions-api"}
{"level":"info","message":"::1 - - [27/Sep/2025:04:07:09 +0000] \"POST /api/auth/sign-up HTTP/1.1\" 201 102 \"-\" \"PostmanRuntime/7.48.0\"","service":"acquisitions-api"}
{"level":"info","message":"::1 - - [27/Sep/2025:05:46:51 +0000] \"POST /api/auth/sign-up HTTP/1.1\" 400 92 \"-\" \"PostmanRuntime/7.48.0\"","service":"acquisitions-api"}
{"level":"info","message":"::1 - - [27/Sep/2025:05:47:06 +0000] \"POST /api/auth/sign-up HTTP/1.1\" 400 92 \"-\" \"PostmanRuntime/7.48.0\"","service":"acquisitions-api"}
{"level":"info","message":"::1 - - [27/Sep/2025:05:49:16 +0000] \"POST /api/auth/sign-up HTTP/1.1\" 400 92 \"-\" \"PostmanRuntime/7.48.0\"","service":"acquisitions-api"}
{"level":"info","message":"::1 - - [27/Sep/2025:05:49:17 +0000] \"POST /api/auth/sign-up HTTP/1.1\" 400 92 \"-\" \"PostmanRuntime/7.48.0\"","service":"acquisitions-api"}
{"level":"info","message":"::1 - - [27/Sep/2025:05:49:18 +0000] \"POST /api/auth/sign-up HTTP/1.1\" 400 92 \"-\" \"PostmanRuntime/7.48.0\"","service":"acquisitions-api"}
{"level":"error","message":"Error creating the user: Error: Failed query: insert into \"users\" (\"id\", \"name\", \"email\", \"password\", \"role\", \"created_at\", \"updated_at\") values (default, $1, $2, default, $3, default, default) returning \"id\", \"name\", \"email\", \"role\", \"created_at\"\nparams: Dodeux,dododo@gmail.com,user","service":"acquisitions-api"}
{"cause":{"code":"23502","column":"password","detail":"Failing row contains (1, Dodeux, dododo@gmail.com, null, user, 2025-09-27 05:49:13.754596, 2025-09-27 05:49:13.754596).","file":"execMain.c","line":"1997","name":"NeonDbError","routine":"ExecConstraints","schema":"public","severity":"ERROR","table":"users"},"level":"error","message":"Signup error Failed query: insert into \"users\" (\"id\", \"name\", \"email\", \"password\", \"role\", \"created_at\", \"updated_at\") values (default, $1, $2, default, $3, default, default) returning \"id\", \"name\", \"email\", \"role\", \"created_at\"\nparams: Dodeux,dododo@gmail.com,user","params":["Dodeux","dododo@gmail.com","user"],"query":"insert into \"users\" (\"id\", \"name\", \"email\", \"password\", \"role\", \"created_at\", \"updated_at\") values (default, $1, $2, default, $3, default, default) returning \"id\", \"name\", \"email\", \"role\", \"created_at\"","service":"acquisitions-api","stack":"Error: Failed query: insert into \"users\" (\"id\", \"name\", \"email\", \"password\", \"role\", \"created_at\", \"updated_at\") values (default, $1, $2, default, $3, default, default) returning \"id\", \"name\", \"email\", \"role\", \"created_at\"\nparams: Dodeux,dododo@gmail.com,user\n    at NeonHttpPreparedQuery.queryWithCache (file:///E:/work/acquisitions/node_modules/drizzle-orm/pg-core/session.js:41:15)\n    at process.processTicksAndRejections (node:internal/process/task_queues:105:5)\n    at async NeonHttpPreparedQuery.execute (file:///E:/work/acquisitions/node_modules/drizzle-orm/neon-http/session.js:45:20)\n    at async createUser (file:///E:/work/acquisitions/src/service/auth.service.js:28:23)\n    at async signup (file:///E:/work/acquisitions/src/controllers/auth.controller.js:21:18)"}
{"level":"info","message":"::1 - - [27/Sep/2025:05:50:11 +0000] \"POST /api/auth/sign-up HTTP/1.1\" 500 1099 \"-\" \"PostmanRuntime/7.48.0\"","service":"acquisitions-api"}
{"level":"error","message":"Error creating the user: Error: Failed query: insert into \"users\" (\"id\", \"name\", \"email\", \"password\", \"role\", \"created_at\", \"updated_at\") values (default, $1, $2, default, $3, default, default) returning \"id\", \"name\", \"email\", \"role\", \"created_at\"\nparams: Dodeux,dodod1o@gmail.com,user","service":"acquisitions-api"}
{"cause":{"code":"23502","column":"password","detail":"Failing row contains (2, Dodeux, dodod1o@gmail.com, null, user, 2025-09-27 05:50:46.260849, 2025-09-27 05:50:46.260849).","file":"execMain.c","line":"1997","name":"NeonDbError","routine":"ExecConstraints","schema":"public","severity":"ERROR","table":"users"},"level":"error","message":"Signup error Failed query: insert into \"users\" (\"id\", \"name\", \"email\", \"password\", \"role\", \"created_at\", \"updated_at\") values (default, $1, $2, default, $3, default, default) returning \"id\", \"name\", \"email\", \"role\", \"created_at\"\nparams: Dodeux,dodod1o@gmail.com,user","params":["Dodeux","dodod1o@gmail.com","user"],"query":"insert into \"users\" (\"id\", \"name\", \"email\", \"password\", \"role\", \"created_at\", \"updated_at\") values (default, $1, $2, default, $3, default, default) returning \"id\", \"name\", \"email\", \"role\", \"created_at\"","service":"acquisitions-api","stack":"Error: Failed query: insert into \"users\" (\"id\", \"name\", \"email\", \"password\", \"role\", \"created_at\", \"updated_at\") values (default, $1, $2, default, $3, default, default) returning \"id\", \"name\", \"email\", \"role\", \"created_at\"\nparams: Dodeux,dodod1o@gmail.com,user\n    at NeonHttpPreparedQuery.queryWithCache (file:///E:/work/acquisitions/node_modules/drizzle-orm/pg-core/session.js:41:15)\n    at process.processTicksAndRejections (node:internal/process/task_queues:105:5)\n    at async NeonHttpPreparedQuery.execute (file:///E:/work/acquisitions/node_modules/drizzle-orm/neon-http/session.js:45:20)\n    at async createUser (file:///E:/work/acquisitions/src/service/auth.service.js:28:23)\n    at async signup (file:///E:/work/acquisitions/src/controllers/auth.controller.js:21:18)"}
{"level":"info","message":"::1 - - [27/Sep/2025:05:51:44 +0000] \"POST /api/auth/sign-up HTTP/1.1\" 500 1100 \"-\" \"PostmanRuntime/7.48.0\"","service":"acquisitions-api"}
{"level":"error","message":"Error creating the user: Error: Failed query: insert into \"users\" (\"id\", \"name\", \"email\", \"password\", \"role\", \"created_at\", \"updated_at\") values (default, $1, $2, default, $3, default, default) returning \"id\", \"name\", \"email\", \"role\", \"created_at\"\nparams: Dodeux,dodod1o@gmail.com,user","service":"acquisitions-api"}
{"cause":{"code":"23502","column":"password","detail":"Failing row contains (3, Dodeux, dodod1o@gmail.com, null, user, 2025-09-28 04:58:28.282435, 2025-09-28 04:58:28.282435).","file":"execMain.c","line":"1997","name":"NeonDbError","routine":"ExecConstraints","schema":"public","severity":"ERROR","table":"users"},"level":"error","message":"Signup error Failed query: insert into \"users\" (\"id\", \"name\", \"email\", \"password\", \"role\", \"created_at\", \"updated_at\") values (default, $1, $2, default, $3, default, default) returning \"id\", \"name\", \"email\", \"role\", \"created_at\"\nparams: Dodeux,dodod1o@gmail.com,user","params":["Dodeux","dodod1o@gmail.com","user"],"query":"insert into \"users\" (\"id\", \"name\", \"email\", \"password\", \"role\", \"created_at\", \"updated_at\") values (default, $1, $2, default, $3, default, default) returning \"id\", \"name\", \"email\", \"role\", \"created_at\"","service":"acquisitions-api","stack":"Error: Failed query: insert into \"users\" (\"id\", \"name\", \"email\", \"password\", \"role\", \"created_at\", \"updated_at\") values (default, $1, $2, default, $3, default, default) returning \"id\", \"name\", \"email\", \"role\", \"created_at\"\nparams: Dodeux,dodod1o@gmail.com,user\n    at NeonHttpPreparedQuery.queryWithCache (file:///E:/work/acquisitions/node_modules/drizzle-orm/pg-core/session.js:41:15)\n    at process.processTicksAndRejections (node:internal/process/task_queues:105:5)\n    at async NeonHttpPreparedQuery.execute (file:///E:/work/acquisitions/node_modules/drizzle-orm/neon-http/session.js:45:20)\n    at async createUser (file:///E:/work/acquisitions/src/service/auth.service.js:28:23)\n    at async signup (file:///E:/work/acquisitions/src/controllers/auth.controller.js:21:18)"}
{"level":"info","message":"::1 - - [28/Sep/2025:04:59:26 +0000] \"POST /api/auth/sign-up HTTP/1.1\" 500 1100 \"-\" \"PostmanRuntime/7.48.0\"","service":"acquisitions-api"}
{"level":"error","message":"Error creating the user: Error: Failed query: insert into \"users\" (\"id\", \"name\", \"email\", \"password\", \"role\", \"created_at\", \"updated_at\") values (default, $1, $2, default, $3, default, default) returning \"id\", \"name\", \"email\", \"role\", \"created_at\"\nparams: Dodeux,dodod1o@gmail.com,user","service":"acquisitions-api"}
{"cause":{"code":"23502","column":"password","detail":"Failing row contains (4, Dodeux, dodod1o@gmail.com, null, user, 2025-09-28 04:59:11.83454, 2025-09-28 04:59:11.83454).","file":"execMain.c","line":"1997","name":"NeonDbError","routine":"ExecConstraints","schema":"public","severity":"ERROR","table":"users"},"level":"error","message":"Signup error Failed query: insert into \"users\" (\"id\", \"name\", \"email\", \"password\", \"role\", \"created_at\", \"updated_at\") values (default, $1, $2, default, $3, default, default) returning \"id\", \"name\", \"email\", \"role\", \"created_at\"\nparams: Dodeux,dodod1o@gmail.com,user","params":["Dodeux","dodod1o@gmail.com","user"],"query":"insert into \"users\" (\"id\", \"name\", \"email\", \"password\", \"role\", \"created_at\", \"updated_at\") values (default, $1, $2, default, $3, default, default) returning \"id\", \"name\", \"email\", \"role\", \"created_at\"","service":"acquisitions-api","stack":"Error: Failed query: insert into \"users\" (\"id\", \"name\", \"email\", \"password\", \"role\", \"created_at\", \"updated_at\") values (default, $1, $2, default, $3, default, default) returning \"id\", \"name\", \"email\", \"role\", \"created_at\"\nparams: Dodeux,dodod1o@gmail.com,user\n    at NeonHttpPreparedQuery.queryWithCache (file:///E:/work/acquisitions/node_modules/drizzle-orm/pg-core/session.js:41:15)\n    at process.processTicksAndRejections (node:internal/process/task_queues:105:5)\n    at async NeonHttpPreparedQuery.execute (file:///E:/work/acquisitions/node_modules/drizzle-orm/neon-http/session.js:45:20)\n    at async createUser (file:///E:/work/acquisitions/src/service/auth.service.js:28:23)\n    at async signup (file:///E:/work/acquisitions/src/controllers/auth.controller.js:21:18)"}
{"level":"info","message":"::1 - - [28/Sep/2025:05:00:10 +0000] \"POST /api/auth/sign-up HTTP/1.1\" 500 1100 \"-\" \"PostmanRuntime/7.48.0\"","service":"acquisitions-api"}
{"level":"error","message":"Error creating the user: Error: Failed query: insert into \"users\" (\"id\", \"name\", \"email\", \"password\", \"role\", \"created_at\", \"updated_at\") values (default, $1, $2, default, $3, default, default) returning \"id\", \"name\", \"email\", \"role\", \"created_at\"\nparams: Dodeux,dodod1o@gmail.com,user","service":"acquisitions-api"}
{"cause":{"code":"23502","column":"password","detail":"Failing row contains (5, Dodeux, dodod1o@gmail.com, null, user, 2025-09-28 05:00:49.224545, 2025-09-28 05:00:49.224545).","file":"execMain.c","line":"1997","name":"NeonDbError","routine":"ExecConstraints","schema":"public","severity":"ERROR","table":"users"},"level":"error","message":"Signup error Failed query: insert into \"users\" (\"id\", \"name\", \"email\", \"password\", \"role\", \"created_at\", \"updated_at\") values (default, $1, $2, default, $3, default, default) returning \"id\", \"name\", \"email\", \"role\", \"created_at\"\nparams: Dodeux,dodod1o@gmail.com,user","params":["Dodeux","dodod1o@gmail.com","user"],"query":"insert into \"users\" (\"id\", \"name\", \"email\", \"password\", \"role\", \"created_at\", \"updated_at\") values (default, $1, $2, default, $3, default, default) returning \"id\", \"name\", \"email\", \"role\", \"created_at\"","service":"acquisitions-api","stack":"Error: Failed query: insert into \"users\" (\"id\", \"name\", \"email\", \"password\", \"role\", \"created_at\", \"updated_at\") values (default, $1, $2, default, $3, default, default) returning \"id\", \"name\", \"email\", \"role\", \"created_at\"\nparams: Dodeux,dodod1o@gmail.com,user\n    at NeonHttpPreparedQuery.queryWithCache (file:///E:/work/acquisitions/node_modules/drizzle-orm/pg-core/session.js:41:15)\n    at process.processTicksAndRejections (node:internal/process/task_queues:105:5)\n    at async NeonHttpPreparedQuery.execute (file:///E:/work/acquisitions/node_modules/drizzle-orm/neon-http/session.js:45:20)\n    at async createUser (file:///E:/work/acquisitions/src/service/auth.service.js:28:23)\n    at async signup (file:///E:/work/acquisitions/src/controllers/auth.controller.js:21:18)"}
{"level":"info","message":"::1 - - [28/Sep/2025:05:01:47 +0000] \"POST /api/auth/sign-up HTTP/1.1\" 500 1100 \"-\" \"PostmanRuntime/7.48.0\"","service":"acquisitions-api"}
{"level":"error","message":"Error creating the user: Error: Failed query: insert into \"users\" (\"id\", \"name\", \"email\", \"password\", \"role\", \"created_at\", \"updated_at\") values (default, $1, $2, default, $3, default, default) returning \"id\", \"name\", \"email\", \"role\", \"created_at\"\nparams: Dodeux,dodod1o@gmail.com,user","service":"acquisitions-api"}
{"cause":{"code":"23502","column":"password","detail":"Failing row contains (6, Dodeux, dodod1o@gmail.com, null, user, 2025-09-28 05:01:16.865402, 2025-09-28 05:01:16.865402).","file":"execMain.c","line":"1997","name":"NeonDbError","routine":"ExecConstraints","schema":"public","severity":"ERROR","table":"users"},"level":"error","message":"Signup error Failed query: insert into \"users\" (\"id\", \"name\", \"email\", \"password\", \"role\", \"created_at\", \"updated_at\") values (default, $1, $2, default, $3, default, default) returning \"id\", \"name\", \"email\", \"role\", \"created_at\"\nparams: Dodeux,dodod1o@gmail.com,user","params":["Dodeux","dodod1o@gmail.com","user"],"query":"insert into \"users\" (\"id\", \"name\", \"email\", \"password\", \"role\", \"created_at\", \"updated_at\") values (default, $1, $2, default, $3, default, default) returning \"id\", \"name\", \"email\", \"role\", \"created_at\"","service":"acquisitions-api","stack":"Error: Failed query: insert into \"users\" (\"id\", \"name\", \"email\", \"password\", \"role\", \"created_at\", \"updated_at\") values (default, $1, $2, default, $3, default, default) returning \"id\", \"name\", \"email\", \"role\", \"created_at\"\nparams: Dodeux,dodod1o@gmail.com,user\n    at NeonHttpPreparedQuery.queryWithCache (file:///E:/work/acquisitions/node_modules/drizzle-orm/pg-core/session.js:41:15)\n    at process.processTicksAndRejections (node:internal/process/task_queues:105:5)\n    at async NeonHttpPreparedQuery.execute (file:///E:/work/acquisitions/node_modules/drizzle-orm/neon-http/session.js:45:20)\n    at async createUser (file:///E:/work/acquisitions/src/service/auth.service.js:28:23)\n    at async signup (file:///E:/work/acquisitions/src/controllers/auth.controller.js:21:18)"}
{"level":"info","message":"::1 - - [28/Sep/2025:05:02:15 +0000] \"POST /api/auth/sign-up HTTP/1.1\" 500 1100 \"-\" \"PostmanRuntime/7.48.0\"","service":"acquisitions-api"}
{"level":"info","message":"User dodod1o@gmail.com created successfully","service":"acquisitions-api"}
{"level":"info","message":"User registered successfully : dodod1o@gmail.com","service":"acquisitions-api"}
{"level":"info","message":"::1 - - [28/Sep/2025:05:03:14 +0000] \"POST /api/auth/sign-up HTTP/1.1\" 201 103 \"-\" \"PostmanRuntime/7.48.0\"","service":"acquisitions-api"}
{"level":"info","message":"User 222222@gmail.com created successfully","service":"acquisitions-api"}
{"level":"info","message":"User registered successfully : 222222@gmail.com","service":"acquisitions-api"}
{"level":"info","message":"::1 - - [28/Sep/2025:05:03:56 +0000] \"POST /api/auth/sign-up HTTP/1.1\" 201 103 \"-\" \"PostmanRuntime/7.48.0\"","service":"acquisitions-api"}
{"level":"info","message":"User logged in successfully : 222222@gmail.com","service":"acquisitions-api"}
{"level":"info","message":"::1 - - [28/Sep/2025:05:49:22 +0000] \"POST /api/auth/sign-in HTTP/1.1\" 200 102 \"-\" \"PostmanRuntime/7.48.0\"","service":"acquisitions-api"}
{"level":"info","message":"User signed out","service":"acquisitions-api"}
{"level":"info","message":"::1 - - [28/Sep/2025:06:00:49 +0000] \"POST /api/auth/sign-out HTTP/1.1\" 200 29 \"-\" \"PostmanRuntime/7.48.0\"","service":"acquisitions-api"}
{"ip":"::1","level":"warn","message":"Bot request blocked","path":"/health","service":"acquisitions-api","userAgent":"PostmanRuntime/7.48.0"}
{"level":"info","message":"::1 - - [28/Sep/2025:08:19:21 +0000] \"GET /health HTTP/1.1\" 403 68 \"-\" \"PostmanRuntime/7.48.0\"","service":"acquisitions-api"}
{"ip":"::1","level":"warn","message":"Bot request blocked","path":"/health","service":"acquisitions-api","userAgent":"PostmanRuntime/7.48.0"}
{"level":"info","message":"::1 - - [28/Sep/2025:08:20:23 +0000] \"GET /health HTTP/1.1\" 403 68 \"-\" \"PostmanRuntime/7.48.0\"","service":"acquisitions-api"}
{"ip":"::1","level":"warn","message":"Bot request blocked","path":"/health","service":"acquisitions-api","userAgent":"PostmanRuntime/7.48.0"}
{"level":"info","message":"::1 - - [28/Sep/2025:08:20:51 +0000] \"GET /health HTTP/1.1\" 403 68 \"-\" \"PostmanRuntime/7.48.0\"","service":"acquisitions-api"}
{"ip":"::1","level":"warn","message":"Bot request blocked1","path":"/health","service":"acquisitions-api","userAgent":"PostmanRuntime/7.48.0"}
{"level":"info","message":"::1 - - [28/Sep/2025:08:21:38 +0000] \"GET /health HTTP/1.1\" 403 68 \"-\" \"PostmanRuntime/7.48.0\"","service":"acquisitions-api"}
{"level":"info","message":"Hello from Acquisitions!","service":"acquisitions-api"}
{"level":"info","message":"::1 - - [28/Sep/2025:08:21:50 +0000] \"GET / HTTP/1.1\" 200 24 \"-\" \"Mozilla/5.0 (Windows NT 10.0; Win64; x64) AppleWebKit/537.36 (KHTML, like Gecko) Chrome/140.0.0.0 Safari/537.36\"","service":"acquisitions-api"}
{"level":"info","message":"::1 - - [28/Sep/2025:08:21:51 +0000] \"GET /favicon.ico HTTP/1.1\" 404 150 \"-\" \"Mozilla/5.0 (Windows NT 10.0; Win64; x64) AppleWebKit/537.36 (KHTML, like Gecko) Chrome/140.0.0.0 Safari/537.36\"","service":"acquisitions-api"}
{"ip":"::1","level":"warn","message":"Bot request blocked","path":"/health","service":"acquisitions-api","userAgent":"PostmanRuntime/7.48.0"}
{"level":"info","message":"::1 - - [28/Sep/2025:08:22:34 +0000] \"GET /health HTTP/1.1\" 403 69 \"-\" \"PostmanRuntime/7.48.0\"","service":"acquisitions-api"}
{"ip":"::1","level":"warn","message":"Bot request blocked","path":"/health","service":"acquisitions-api","userAgent":"PostmanRuntime/7.48.0"}
{"level":"info","message":"::1 - - [28/Sep/2025:08:22:35 +0000] \"GET /health HTTP/1.1\" 403 69 \"-\" \"PostmanRuntime/7.48.0\"","service":"acquisitions-api"}
{"ip":"::1","level":"warn","message":"Bot request blocked","path":"/health","service":"acquisitions-api","userAgent":"PostmanRuntime/7.48.0"}
{"level":"info","message":"::1 - - [28/Sep/2025:08:23:14 +0000] \"GET /health HTTP/1.1\" 403 68 \"-\" \"PostmanRuntime/7.48.0\"","service":"acquisitions-api"}
{"ip":"::1","level":"warn","message":"Bot request blocked","path":"/health","service":"acquisitions-api","userAgent":"PostmanRuntime/7.48.0"}
{"level":"info","message":"::1 - - [28/Sep/2025:08:23:15 +0000] \"GET /health HTTP/1.1\" 403 68 \"-\" \"PostmanRuntime/7.48.0\"","service":"acquisitions-api"}
{"ip":"::1","level":"warn","message":"Bot request blocked","path":"/health","service":"acquisitions-api","userAgent":"PostmanRuntime/7.48.0"}
{"level":"info","message":"::1 - - [28/Sep/2025:08:23:16 +0000] \"GET /health HTTP/1.1\" 403 68 \"-\" \"PostmanRuntime/7.48.0\"","service":"acquisitions-api"}
{"ip":"::1","level":"warn","message":"Bot request blocked","path":"/health1","service":"acquisitions-api","userAgent":"PostmanRuntime/7.48.0"}
{"level":"info","message":"::1 - - [28/Sep/2025:08:24:24 +0000] \"GET /health1 HTTP/1.1\" 403 68 \"-\" \"PostmanRuntime/7.48.0\"","service":"acquisitions-api"}
{"ip":"::1","level":"warn","message":"Bot request blocked","path":"/health","service":"acquisitions-api","userAgent":"PostmanRuntime/7.48.0"}
{"level":"info","message":"::1 - - [28/Sep/2025:08:24:33 +0000] \"GET /health HTTP/1.1\" 403 68 \"-\" \"PostmanRuntime/7.48.0\"","service":"acquisitions-api"}
{"ip":"::1","level":"warn","message":"Bot request blocked","path":"/health","service":"acquisitions-api","userAgent":"PostmanRuntime/7.48.0"}
{"level":"info","message":"::1 - - [28/Sep/2025:08:24:48 +0000] \"GET /health HTTP/1.1\" 403 68 \"-\" \"PostmanRuntime/7.48.0\"","service":"acquisitions-api"}
{"level":"info","message":"::1 - - [28/Sep/2025:08:24:54 +0000] \"GET /health HTTP/1.1\" 200 73 \"-\" \"PostmanRuntime/7.48.0\"","service":"acquisitions-api"}
{"level":"info","message":"::1 - - [28/Sep/2025:08:24:55 +0000] \"GET /health HTTP/1.1\" 200 73 \"-\" \"PostmanRuntime/7.48.0\"","service":"acquisitions-api"}
{"level":"info","message":"::1 - - [28/Sep/2025:08:24:55 +0000] \"GET /health HTTP/1.1\" 200 71 \"-\" \"PostmanRuntime/7.48.0\"","service":"acquisitions-api"}
{"level":"info","message":"::1 - - [28/Sep/2025:08:24:56 +0000] \"GET /health HTTP/1.1\" 200 73 \"-\" \"PostmanRuntime/7.48.0\"","service":"acquisitions-api"}
{"level":"info","message":"::1 - - [28/Sep/2025:08:24:57 +0000] \"GET /health HTTP/1.1\" 200 73 \"-\" \"PostmanRuntime/7.48.0\"","service":"acquisitions-api"}
{"level":"info","message":"::1 - - [28/Sep/2025:08:24:57 +0000] \"GET /health HTTP/1.1\" 200 73 \"-\" \"PostmanRuntime/7.48.0\"","service":"acquisitions-api"}
{"level":"info","message":"::1 - - [28/Sep/2025:08:24:58 +0000] \"GET /health HTTP/1.1\" 200 72 \"-\" \"PostmanRuntime/7.48.0\"","service":"acquisitions-api"}
{"level":"info","message":"::1 - - [28/Sep/2025:08:24:58 +0000] \"GET /health HTTP/1.1\" 200 73 \"-\" \"PostmanRuntime/7.48.0\"","service":"acquisitions-api"}
{"level":"info","message":"::1 - - [28/Sep/2025:08:24:59 +0000] \"GET /health HTTP/1.1\" 200 73 \"-\" \"PostmanRuntime/7.48.0\"","service":"acquisitions-api"}
{"level":"info","message":"::1 - - [28/Sep/2025:08:24:59 +0000] \"GET /health HTTP/1.1\" 200 73 \"-\" \"PostmanRuntime/7.48.0\"","service":"acquisitions-api"}
{"level":"info","message":"::1 - - [28/Sep/2025:08:25:00 +0000] \"GET /health HTTP/1.1\" 200 73 \"-\" \"PostmanRuntime/7.48.0\"","service":"acquisitions-api"}
{"level":"info","message":"::1 - - [28/Sep/2025:08:25:01 +0000] \"GET /health HTTP/1.1\" 200 73 \"-\" \"PostmanRuntime/7.48.0\"","service":"acquisitions-api"}
{"level":"info","message":"::1 - - [28/Sep/2025:08:25:01 +0000] \"GET /health HTTP/1.1\" 200 73 \"-\" \"PostmanRuntime/7.48.0\"","service":"acquisitions-api"}
{"level":"info","message":"::1 - - [28/Sep/2025:08:25:03 +0000] \"GET /health HTTP/1.1\" 200 74 \"-\" \"PostmanRuntime/7.48.0\"","service":"acquisitions-api"}
{"level":"info","message":"::1 - - [28/Sep/2025:08:25:05 +0000] \"GET /health HTTP/1.1\" 200 74 \"-\" \"PostmanRuntime/7.48.0\"","service":"acquisitions-api"}
{"level":"info","message":"::1 - - [28/Sep/2025:08:25:05 +0000] \"GET /health HTTP/1.1\" 200 74 \"-\" \"PostmanRuntime/7.48.0\"","service":"acquisitions-api"}
{"level":"info","message":"::1 - - [28/Sep/2025:08:25:06 +0000] \"GET /health HTTP/1.1\" 200 74 \"-\" \"PostmanRuntime/7.48.0\"","service":"acquisitions-api"}
{"level":"info","message":"::1 - - [28/Sep/2025:08:25:06 +0000] \"GET /health HTTP/1.1\" 200 74 \"-\" \"PostmanRuntime/7.48.0\"","service":"acquisitions-api"}
{"level":"info","message":"::1 - - [28/Sep/2025:08:25:07 +0000] \"GET /health HTTP/1.1\" 200 74 \"-\" \"PostmanRuntime/7.48.0\"","service":"acquisitions-api"}
{"level":"info","message":"::1 - - [28/Sep/2025:08:25:07 +0000] \"GET /health HTTP/1.1\" 200 74 \"-\" \"PostmanRuntime/7.48.0\"","service":"acquisitions-api"}
{"level":"info","message":"::1 - - [28/Sep/2025:08:25:08 +0000] \"GET /health HTTP/1.1\" 200 74 \"-\" \"PostmanRuntime/7.48.0\"","service":"acquisitions-api"}
{"level":"info","message":"::1 - - [28/Sep/2025:08:25:09 +0000] \"GET /health HTTP/1.1\" 200 74 \"-\" \"PostmanRuntime/7.48.0\"","service":"acquisitions-api"}
{"level":"info","message":"::1 - - [28/Sep/2025:08:25:10 +0000] \"GET /health HTTP/1.1\" 200 74 \"-\" \"PostmanRuntime/7.48.0\"","service":"acquisitions-api"}
{"level":"info","message":"::1 - - [28/Sep/2025:08:25:11 +0000] \"GET /health HTTP/1.1\" 200 74 \"-\" \"PostmanRuntime/7.48.0\"","service":"acquisitions-api"}
{"level":"info","message":"::1 - - [28/Sep/2025:08:25:13 +0000] \"GET /health HTTP/1.1\" 200 74 \"-\" \"PostmanRuntime/7.48.0\"","service":"acquisitions-api"}
{"level":"info","message":"::1 - - [28/Sep/2025:08:25:13 +0000] \"GET /health HTTP/1.1\" 200 74 \"-\" \"PostmanRuntime/7.48.0\"","service":"acquisitions-api"}
{"level":"info","message":"::1 - - [28/Sep/2025:08:25:14 +0000] \"GET /health HTTP/1.1\" 200 74 \"-\" \"PostmanRuntime/7.48.0\"","service":"acquisitions-api"}
{"level":"info","message":"::1 - - [28/Sep/2025:08:25:15 +0000] \"GET /health HTTP/1.1\" 200 74 \"-\" \"PostmanRuntime/7.48.0\"","service":"acquisitions-api"}
{"level":"info","message":"::1 - - [28/Sep/2025:08:25:15 +0000] \"GET /health HTTP/1.1\" 200 74 \"-\" \"PostmanRuntime/7.48.0\"","service":"acquisitions-api"}
{"level":"info","message":"::1 - - [28/Sep/2025:08:25:17 +0000] \"GET /health HTTP/1.1\" 200 73 \"-\" \"PostmanRuntime/7.48.0\"","service":"acquisitions-api"}
{"level":"info","message":"::1 - - [28/Sep/2025:08:25:18 +0000] \"GET /health HTTP/1.1\" 200 74 \"-\" \"PostmanRuntime/7.48.0\"","service":"acquisitions-api"}
{"level":"info","message":"::1 - - [28/Sep/2025:08:25:19 +0000] \"GET /health HTTP/1.1\" 200 74 \"-\" \"PostmanRuntime/7.48.0\"","service":"acquisitions-api"}
{"level":"info","message":"::1 - - [28/Sep/2025:08:25:19 +0000] \"GET /health HTTP/1.1\" - - \"-\" \"PostmanRuntime/7.48.0\"","service":"acquisitions-api"}
{"level":"info","message":"::1 - - [28/Sep/2025:08:25:20 +0000] \"GET /health HTTP/1.1\" 200 73 \"-\" \"PostmanRuntime/7.48.0\"","service":"acquisitions-api"}
{"level":"info","message":"::1 - - [28/Sep/2025:08:25:20 +0000] \"GET /health HTTP/1.1\" 200 74 \"-\" \"PostmanRuntime/7.48.0\"","service":"acquisitions-api"}
{"level":"info","message":"::1 - - [28/Sep/2025:08:25:24 +0000] \"GET /health HTTP/1.1\" 200 74 \"-\" \"PostmanRuntime/7.48.0\"","service":"acquisitions-api"}
{"level":"info","message":"::1 - - [28/Sep/2025:08:25:24 +0000] \"GET /health HTTP/1.1\" 200 74 \"-\" \"PostmanRuntime/7.48.0\"","service":"acquisitions-api"}
{"level":"info","message":"::1 - - [28/Sep/2025:08:25:26 +0000] \"GET /health HTTP/1.1\" 200 74 \"-\" \"PostmanRuntime/7.48.0\"","service":"acquisitions-api"}
{"level":"info","message":"::1 - - [28/Sep/2025:08:25:27 +0000] \"GET /health HTTP/1.1\" 200 74 \"-\" \"PostmanRuntime/7.48.0\"","service":"acquisitions-api"}
{"level":"info","message":"::1 - - [28/Sep/2025:08:25:28 +0000] \"GET /health HTTP/1.1\" 200 74 \"-\" \"PostmanRuntime/7.48.0\"","service":"acquisitions-api"}
{"level":"info","message":"::1 - - [28/Sep/2025:08:26:26 +0000] \"GET /health HTTP/1.1\" 200 74 \"-\" \"PostmanRuntime/7.48.0\"","service":"acquisitions-api"}
{"ip":"::1","level":"warn","message":"Bot request blocked","path":"/health","service":"acquisitions-api","userAgent":"PostmanRuntime/7.48.0"}
{"level":"info","message":"::1 - - [28/Sep/2025:08:26:36 +0000] \"GET /health HTTP/1.1\" 403 68 \"-\" \"PostmanRuntime/7.48.0\"","service":"acquisitions-api"}
{"ip":"::1","level":"warn","message":"Bot request blocked","path":"/health","service":"acquisitions-api","userAgent":"PostmanRuntime/7.48.0"}
{"level":"info","message":"::1 - - [28/Sep/2025:08:26:37 +0000] \"GET /health HTTP/1.1\" 403 68 \"-\" \"PostmanRuntime/7.48.0\"","service":"acquisitions-api"}
{"ip":"::1","level":"warn","message":"Bot request blocked","path":"/health","service":"acquisitions-api","userAgent":"PostmanRuntime/7.48.0"}
{"level":"info","message":"::1 - - [28/Sep/2025:08:27:45 +0000] \"GET /health HTTP/1.1\" 403 68 \"-\" \"PostmanRuntime/7.48.0\"","service":"acquisitions-api"}
{"ip":"::1","level":"warn","message":"Bot request blocked","path":"/","service":"acquisitions-api","userAgent":"PostmanRuntime/7.48.0"}
{"level":"info","message":"::1 - - [28/Sep/2025:08:27:49 +0000] \"GET / HTTP/1.1\" 403 68 \"-\" \"PostmanRuntime/7.48.0\"","service":"acquisitions-api"}
{"ip":"::1","level":"warn","message":"Bot request blocked","path":"/","service":"acquisitions-api","userAgent":"PostmanRuntime/7.48.0"}
{"level":"info","message":"::1 - - [28/Sep/2025:08:27:50 +0000] \"GET / HTTP/1.1\" 403 68 \"-\" \"PostmanRuntime/7.48.0\"","service":"acquisitions-api"}
{"level":"info","message":"Hello from Acquisitions!","service":"acquisitions-api"}
{"level":"info","message":"::1 - - [28/Sep/2025:11:54:45 +0000] \"GET / HTTP/1.1\" 200 24 \"-\" \"Mozilla/5.0 (Windows NT 10.0; Win64; x64) AppleWebKit/537.36 (KHTML, like Gecko) Chrome/140.0.0.0 Safari/537.36\"","service":"acquisitions-api"}
{"level":"info","message":"::1 - - [28/Sep/2025:11:54:45 +0000] \"GET /favicon.ico HTTP/1.1\" 404 150 \"-\" \"Mozilla/5.0 (Windows NT 10.0; Win64; x64) AppleWebKit/537.36 (KHTML, like Gecko) Chrome/140.0.0.0 Safari/537.36\"","service":"acquisitions-api"}
{"ip":"::1","level":"warn","message":"Bot request blocked","path":"/","service":"acquisitions-api","userAgent":"PostmanRuntime/7.48.0"}
{"level":"info","message":"::1 - - [28/Sep/2025:11:54:59 +0000] \"GET / HTTP/1.1\" 403 68 \"-\" \"PostmanRuntime/7.48.0\"","service":"acquisitions-api"}
{"ip":"::1","level":"warn","message":"Bot request blocked","path":"/","service":"acquisitions-api","userAgent":"PostmanRuntime/7.48.0"}
{"level":"info","message":"::1 - - [28/Sep/2025:12:04:48 +0000] \"GET / HTTP/1.1\" 403 68 \"-\" \"PostmanRuntime/7.48.0\"","service":"acquisitions-api"}
{"ip":"::1","level":"warn","message":"Bot request blocked","path":"/","service":"acquisitions-api","userAgent":"PostmanRuntime/7.48.0"}
{"level":"info","message":"::1 - - [28/Sep/2025:12:04:49 +0000] \"GET / HTTP/1.1\" 403 68 \"-\" \"PostmanRuntime/7.48.0\"","service":"acquisitions-api"}
{"ip":"::1","level":"warn","message":"Bot request blocked","path":"/health","service":"acquisitions-api","userAgent":"PostmanRuntime/7.48.0"}
{"level":"info","message":"::1 - - [28/Sep/2025:12:05:13 +0000] \"GET /health HTTP/1.1\" 403 68 \"-\" \"PostmanRuntime/7.48.0\"","service":"acquisitions-api"}
{"ip":"::1","level":"warn","message":"Bot request blocked","path":"/health","service":"acquisitions-api","userAgent":"PostmanRuntime/7.48.0"}
{"level":"info","message":"::1 - - [28/Sep/2025:12:13:30 +0000] \"GET /health HTTP/1.1\" 403 68 \"-\" \"PostmanRuntime/7.48.0\"","service":"acquisitions-api"}
{"ip":"::1","level":"warn","message":"Bot request blocked","path":"/health","service":"acquisitions-api","userAgent":"PostmanRuntime/7.48.0"}
{"level":"info","message":"::1 - - [28/Sep/2025:12:13:31 +0000] \"GET /health HTTP/1.1\" 403 68 \"-\" \"PostmanRuntime/7.48.0\"","service":"acquisitions-api"}
{"ip":"::1","level":"warn","message":"Bot request blocked","path":"/health","service":"acquisitions-api","userAgent":"PostmanRuntime/7.48.0"}
{"level":"info","message":"::1 - - [28/Sep/2025:12:13:33 +0000] \"GET /health HTTP/1.1\" 403 68 \"-\" \"PostmanRuntime/7.48.0\"","service":"acquisitions-api"}
{"ip":"::1","level":"warn","message":"Bot request blocked","path":"/health","service":"acquisitions-api","userAgent":"PostmanRuntime/7.48.0"}
{"level":"info","message":"::1 - - [28/Sep/2025:12:19:09 +0000] \"GET /health HTTP/1.1\" 403 68 \"-\" \"PostmanRuntime/7.48.0\"","service":"acquisitions-api"}
{"ip":"::1","level":"warn","message":"Bot request blocked","path":"/health1","service":"acquisitions-api","userAgent":"PostmanRuntime/7.48.0"}
{"level":"info","message":"::1 - - [28/Sep/2025:12:19:11 +0000] \"GET /health1 HTTP/1.1\" 403 68 \"-\" \"PostmanRuntime/7.48.0\"","service":"acquisitions-api"}
{"ip":"::1","level":"warn","message":"Bot request blocked","path":"/","service":"acquisitions-api","userAgent":"PostmanRuntime/7.48.0"}
{"level":"info","message":"::1 - - [28/Sep/2025:12:19:15 +0000] \"GET / HTTP/1.1\" 403 68 \"-\" \"PostmanRuntime/7.48.0\"","service":"acquisitions-api"}
{"ip":"::1","level":"warn","message":"Bot request blocked","path":"/","service":"acquisitions-api","userAgent":"PostmanRuntime/7.48.0"}
{"level":"info","message":"::1 - - [28/Sep/2025:12:19:28 +0000] \"GET / HTTP/1.1\" 403 68 \"-\" \"PostmanRuntime/7.48.0\"","service":"acquisitions-api"}
{"ip":"::1","level":"warn","message":"Bot request blocked","path":"/","service":"acquisitions-api","userAgent":"PostmanRuntime/7.48.0"}
{"level":"info","message":"::1 - - [28/Sep/2025:12:19:30 +0000] \"GET / HTTP/1.1\" 403 68 \"-\" \"PostmanRuntime/7.48.0\"","service":"acquisitions-api"}
{"level":"info","message":"Hello from Acquisitions!","service":"acquisitions-api"}
{"level":"info","message":"::1 - - [28/Sep/2025:12:19:48 +0000] \"GET / HTTP/1.1\" 200 24 \"-\" \"PostmanRuntime/7.48.0\"","service":"acquisitions-api"}
{"level":"info","message":"::1 - - [28/Sep/2025:12:19:52 +0000] \"GET /health HTTP/1.1\" 200 73 \"-\" \"PostmanRuntime/7.48.0\"","service":"acquisitions-api"}
{"level":"info","message":"::1 - - [28/Sep/2025:12:19:54 +0000] \"GET /health HTTP/1.1\" 200 73 \"-\" \"PostmanRuntime/7.48.0\"","service":"acquisitions-api"}
{"level":"info","message":"::1 - - [28/Sep/2025:12:19:55 +0000] \"GET /health HTTP/1.1\" 200 73 \"-\" \"PostmanRuntime/7.48.0\"","service":"acquisitions-api"}
{"level":"info","message":"::1 - - [28/Sep/2025:12:19:55 +0000] \"GET /health HTTP/1.1\" 200 73 \"-\" \"PostmanRuntime/7.48.0\"","service":"acquisitions-api"}
{"level":"info","message":"::1 - - [28/Sep/2025:12:19:56 +0000] \"GET /health HTTP/1.1\" 200 73 \"-\" \"PostmanRuntime/7.48.0\"","service":"acquisitions-api"}
{"level":"info","message":"::1 - - [28/Sep/2025:12:19:56 +0000] \"GET /health HTTP/1.1\" 200 73 \"-\" \"PostmanRuntime/7.48.0\"","service":"acquisitions-api"}
{"level":"info","message":"::1 - - [28/Sep/2025:12:19:57 +0000] \"GET /health HTTP/1.1\" 200 74 \"-\" \"PostmanRuntime/7.48.0\"","service":"acquisitions-api"}
{"level":"info","message":"::1 - - [28/Sep/2025:12:19:57 +0000] \"GET /health HTTP/1.1\" 200 74 \"-\" \"PostmanRuntime/7.48.0\"","service":"acquisitions-api"}
{"level":"info","message":"::1 - - [28/Sep/2025:13:41:25 +0000] \"GET /health HTTP/1.1\" 200 75 \"-\" \"PostmanRuntime/7.48.0\"","service":"acquisitions-api"}
{"level":"info","message":"::1 - - [28/Sep/2025:13:41:26 +0000] \"GET /health HTTP/1.1\" 200 75 \"-\" \"PostmanRuntime/7.48.0\"","service":"acquisitions-api"}
{"level":"info","message":"Hello from Acquisitions!","service":"acquisitions-api"}
{"level":"info","message":"::ffff:172.22.0.1 - - [29/Sep/2025:06:12:39 +0000] \"GET / HTTP/1.1\" 304 - \"-\" \"Mozilla/5.0 (Windows NT 10.0; Win64; x64) AppleWebKit/537.36 (KHTML, like Gecko) Chrome/140.0.0.0 Safari/537.36\"","service":"acquisitions-api"}
{"level":"info","message":"::ffff:172.22.0.1 - - [29/Sep/2025:06:12:39 +0000] \"GET /favicon.ico HTTP/1.1\" 404 150 \"-\" \"Mozilla/5.0 (Windows NT 10.0; Win64; x64) AppleWebKit/537.36 (KHTML, like Gecko) Chrome/140.0.0.0 Safari/537.36\"","service":"acquisitions-api"}
{"level":"info","message":"::ffff:172.22.0.1 - - [29/Sep/2025:06:12:58 +0000] \"GET /api HTTP/1.1\" 200 42 \"-\" \"Mozilla/5.0 (Windows NT 10.0; Win64; x64) AppleWebKit/537.36 (KHTML, like Gecko) Chrome/140.0.0.0 Safari/537.36\"","service":"acquisitions-api"}
{"level":"info","message":"::ffff:172.22.0.1 - - [29/Sep/2025:06:13:10 +0000] \"GET /health HTTP/1.1\" 200 76 \"-\" \"Mozilla/5.0 (Windows NT 10.0; Win64; x64) AppleWebKit/537.36 (KHTML, like Gecko) Chrome/140.0.0.0 Safari/537.36\"","service":"acquisitions-api"}
{"level":"info","message":"::ffff:172.22.0.1 - - [29/Sep/2025:06:13:28 +0000] \"GET /health HTTP/1.1\" 200 75 \"-\" \"PostmanRuntime/7.48.0\"","service":"acquisitions-api"}
{"level":"info","message":"Hello from Acquisitions!","service":"acquisitions-api"}
{"level":"info","message":"::ffff:172.22.0.1 - - [29/Sep/2025:06:13:33 +0000] \"GET / HTTP/1.1\" 200 24 \"-\" \"PostmanRuntime/7.48.0\"","service":"acquisitions-api"}
{"level":"error","message":"Error creating the user: Error: Failed query: select \"id\", \"name\", \"email\", \"password\", \"role\", \"created_at\", \"updated_at\" from \"users\" where \"users\".\"email\" = $1 limit $2\nparams: 222222@gmail.com,1","service":"acquisitions-api"}
{"cause":{"code":"08P01","length":51,"name":"error","severity":"FATAL"},"level":"error","message":"Signup error Failed query: select \"id\", \"name\", \"email\", \"password\", \"role\", \"created_at\", \"updated_at\" from \"users\" where \"users\".\"email\" = $1 limit $2\nparams: 222222@gmail.com,1","params":["222222@gmail.com",1],"query":"select \"id\", \"name\", \"email\", \"password\", \"role\", \"created_at\", \"updated_at\" from \"users\" where \"users\".\"email\" = $1 limit $2","service":"acquisitions-api","stack":"Error: Failed query: select \"id\", \"name\", \"email\", \"password\", \"role\", \"created_at\", \"updated_at\" from \"users\" where \"users\".\"email\" = $1 limit $2\nparams: 222222@gmail.com,1\n    at NodePgPreparedQuery.queryWithCache (file:///app/node_modules/drizzle-orm/pg-core/session.js:41:15)\n    at process.processTicksAndRejections (node:internal/process/task_queues:105:5)\n    at async file:///app/node_modules/drizzle-orm/node-postgres/session.js:117:22\n    at async createUser (file:///app/src/service/auth.service.js:27:26)\n    at async signup (file:///app/src/controllers/auth.controller.js:21:18)"}
{"level":"info","message":"::ffff:172.22.0.1 - - [29/Sep/2025:07:02:34 +0000] \"POST /api/auth/sign-up HTTP/1.1\" 500 886 \"-\" \"PostmanRuntime/7.48.0\"","service":"acquisitions-api"}
{"level":"error","message":"Error creating the user: Error: Failed query: select \"id\", \"name\", \"email\", \"password\", \"role\", \"created_at\", \"updated_at\" from \"users\" where \"users\".\"email\" = $1 limit $2\nparams: 222222@gmail.com,1","service":"acquisitions-api"}
{"cause":{"code":"08P01","length":51,"name":"error","severity":"FATAL"},"level":"error","message":"Signup error Failed query: select \"id\", \"name\", \"email\", \"password\", \"role\", \"created_at\", \"updated_at\" from \"users\" where \"users\".\"email\" = $1 limit $2\nparams: 222222@gmail.com,1","params":["222222@gmail.com",1],"query":"select \"id\", \"name\", \"email\", \"password\", \"role\", \"created_at\", \"updated_at\" from \"users\" where \"users\".\"email\" = $1 limit $2","service":"acquisitions-api","stack":"Error: Failed query: select \"id\", \"name\", \"email\", \"password\", \"role\", \"created_at\", \"updated_at\" from \"users\" where \"users\".\"email\" = $1 limit $2\nparams: 222222@gmail.com,1\n    at NodePgPreparedQuery.queryWithCache (file:///app/node_modules/drizzle-orm/pg-core/session.js:41:15)\n    at process.processTicksAndRejections (node:internal/process/task_queues:105:5)\n    at async file:///app/node_modules/drizzle-orm/node-postgres/session.js:117:22\n    at async createUser (file:///app/src/service/auth.service.js:27:26)\n    at async signup (file:///app/src/controllers/auth.controller.js:21:18)"}
{"level":"info","message":"::ffff:172.22.0.1 - - [29/Sep/2025:07:10:36 +0000] \"POST /api/auth/sign-up HTTP/1.1\" 500 886 \"-\" \"PostmanRuntime/7.48.0\"","service":"acquisitions-api"}
{"level":"error","message":"Error creating the user: Error: Failed query: select \"id\", \"name\", \"email\", \"password\", \"role\", \"created_at\", \"updated_at\" from \"users\" where \"users\".\"email\" = $1 limit $2\nparams: 222222@gmail.com,1","service":"acquisitions-api"}
{"cause":{"code":"08P01","length":51,"name":"error","severity":"FATAL"},"level":"error","message":"Signup error Failed query: select \"id\", \"name\", \"email\", \"password\", \"role\", \"created_at\", \"updated_at\" from \"users\" where \"users\".\"email\" = $1 limit $2\nparams: 222222@gmail.com,1","params":["222222@gmail.com",1],"query":"select \"id\", \"name\", \"email\", \"password\", \"role\", \"created_at\", \"updated_at\" from \"users\" where \"users\".\"email\" = $1 limit $2","service":"acquisitions-api","stack":"Error: Failed query: select \"id\", \"name\", \"email\", \"password\", \"role\", \"created_at\", \"updated_at\" from \"users\" where \"users\".\"email\" = $1 limit $2\nparams: 222222@gmail.com,1\n    at NodePgPreparedQuery.queryWithCache (file:///app/node_modules/drizzle-orm/pg-core/session.js:41:15)\n    at process.processTicksAndRejections (node:internal/process/task_queues:105:5)\n    at async file:///app/node_modules/drizzle-orm/node-postgres/session.js:117:22\n    at async createUser (file:///app/src/service/auth.service.js:27:26)\n    at async signup (file:///app/src/controllers/auth.controller.js:21:18)"}
{"level":"info","message":"::ffff:172.22.0.1 - - [29/Sep/2025:07:11:02 +0000] \"POST /api/auth/sign-up HTTP/1.1\" 500 886 \"-\" \"PostmanRuntime/7.48.0\"","service":"acquisitions-api"}
{"level":"error","message":"Error creating the user: Error: Failed query: select \"id\", \"name\", \"email\", \"password\", \"role\", \"created_at\", \"updated_at\" from \"users\" where \"users\".\"email\" = $1 limit $2\nparams: 222222@gmail.com,1","service":"acquisitions-api"}
{"cause":{"code":"08P01","length":51,"name":"error","severity":"FATAL"},"level":"error","message":"Signup error Failed query: select \"id\", \"name\", \"email\", \"password\", \"role\", \"created_at\", \"updated_at\" from \"users\" where \"users\".\"email\" = $1 limit $2\nparams: 222222@gmail.com,1","params":["222222@gmail.com",1],"query":"select \"id\", \"name\", \"email\", \"password\", \"role\", \"created_at\", \"updated_at\" from \"users\" where \"users\".\"email\" = $1 limit $2","service":"acquisitions-api","stack":"Error: Failed query: select \"id\", \"name\", \"email\", \"password\", \"role\", \"created_at\", \"updated_at\" from \"users\" where \"users\".\"email\" = $1 limit $2\nparams: 222222@gmail.com,1\n    at NodePgPreparedQuery.queryWithCache (file:///app/node_modules/drizzle-orm/pg-core/session.js:41:15)\n    at process.processTicksAndRejections (node:internal/process/task_queues:105:5)\n    at async file:///app/node_modules/drizzle-orm/node-postgres/session.js:117:22\n    at async createUser (file:///app/src/service/auth.service.js:27:26)\n    at async signup (file:///app/src/controllers/auth.controller.js:21:18)"}
{"level":"info","message":"::ffff:172.22.0.1 - - [29/Sep/2025:07:11:21 +0000] \"POST /api/auth/sign-up HTTP/1.1\" 500 886 \"-\" \"PostmanRuntime/7.48.0\"","service":"acquisitions-api"}
{"level":"error","message":"Error creating the user: Error: Failed query: select \"id\", \"name\", \"email\", \"password\", \"role\", \"created_at\", \"updated_at\" from \"users\" where \"users\".\"email\" = $1 limit $2\nparams: 22aa2222@gmail.com,1","service":"acquisitions-api"}
{"cause":{"code":"08P01","length":51,"name":"error","severity":"FATAL"},"level":"error","message":"Signup error Failed query: select \"id\", \"name\", \"email\", \"password\", \"role\", \"created_at\", \"updated_at\" from \"users\" where \"users\".\"email\" = $1 limit $2\nparams: 22aa2222@gmail.com,1","params":["22aa2222@gmail.com",1],"query":"select \"id\", \"name\", \"email\", \"password\", \"role\", \"created_at\", \"updated_at\" from \"users\" where \"users\".\"email\" = $1 limit $2","service":"acquisitions-api","stack":"Error: Failed query: select \"id\", \"name\", \"email\", \"password\", \"role\", \"created_at\", \"updated_at\" from \"users\" where \"users\".\"email\" = $1 limit $2\nparams: 22aa2222@gmail.com,1\n    at NodePgPreparedQuery.queryWithCache (file:///app/node_modules/drizzle-orm/pg-core/session.js:41:15)\n    at process.processTicksAndRejections (node:internal/process/task_queues:105:5)\n    at async file:///app/node_modules/drizzle-orm/node-postgres/session.js:117:22\n    at async createUser (file:///app/src/service/auth.service.js:27:26)\n    at async signup (file:///app/src/controllers/auth.controller.js:21:18)"}
{"level":"info","message":"::ffff:172.22.0.1 - - [29/Sep/2025:07:12:27 +0000] \"POST /api/auth/sign-up HTTP/1.1\" 500 888 \"-\" \"PostmanRuntime/7.48.0\"","service":"acquisitions-api"}
{"level":"error","message":"Error creating the user: Error: Failed query: select \"id\", \"name\", \"email\", \"password\", \"role\", \"created_at\", \"updated_at\" from \"users\" where \"users\".\"email\" = $1 limit $2\nparams: 22aa2222@gmail.com,1","service":"acquisitions-api"}
{"cause":{"code":"08P01","length":51,"name":"error","severity":"FATAL"},"level":"error","message":"Signup error Failed query: select \"id\", \"name\", \"email\", \"password\", \"role\", \"created_at\", \"updated_at\" from \"users\" where \"users\".\"email\" = $1 limit $2\nparams: 22aa2222@gmail.com,1","params":["22aa2222@gmail.com",1],"query":"select \"id\", \"name\", \"email\", \"password\", \"role\", \"created_at\", \"updated_at\" from \"users\" where \"users\".\"email\" = $1 limit $2","service":"acquisitions-api","stack":"Error: Failed query: select \"id\", \"name\", \"email\", \"password\", \"role\", \"created_at\", \"updated_at\" from \"users\" where \"users\".\"email\" = $1 limit $2\nparams: 22aa2222@gmail.com,1\n    at NodePgPreparedQuery.queryWithCache (file:///app/node_modules/drizzle-orm/pg-core/session.js:41:15)\n    at process.processTicksAndRejections (node:internal/process/task_queues:105:5)\n    at async file:///app/node_modules/drizzle-orm/node-postgres/session.js:117:22\n    at async createUser (file:///app/src/service/auth.service.js:27:26)\n    at async signup (file:///app/src/controllers/auth.controller.js:21:18)"}
{"level":"info","message":"::ffff:172.22.0.1 - - [29/Sep/2025:07:54:29 +0000] \"POST /api/auth/sign-up HTTP/1.1\" 500 888 \"-\" \"PostmanRuntime/7.48.0\"","service":"acquisitions-api"}
{"level":"error","message":"Error creating the user: Error: Failed query: select \"id\", \"name\", \"email\", \"password\", \"role\", \"created_at\", \"updated_at\" from \"users\" where \"users\".\"email\" = $1 limit $2\nparams: 22aa2222@gmail.com,1","service":"acquisitions-api"}
{"cause":{"code":"08P01","length":51,"name":"error","severity":"FATAL"},"level":"error","message":"Signup error Failed query: select \"id\", \"name\", \"email\", \"password\", \"role\", \"created_at\", \"updated_at\" from \"users\" where \"users\".\"email\" = $1 limit $2\nparams: 22aa2222@gmail.com,1","params":["22aa2222@gmail.com",1],"query":"select \"id\", \"name\", \"email\", \"password\", \"role\", \"created_at\", \"updated_at\" from \"users\" where \"users\".\"email\" = $1 limit $2","service":"acquisitions-api","stack":"Error: Failed query: select \"id\", \"name\", \"email\", \"password\", \"role\", \"created_at\", \"updated_at\" from \"users\" where \"users\".\"email\" = $1 limit $2\nparams: 22aa2222@gmail.com,1\n    at NodePgPreparedQuery.queryWithCache (file:///app/node_modules/drizzle-orm/pg-core/session.js:41:15)\n    at process.processTicksAndRejections (node:internal/process/task_queues:105:5)\n    at async file:///app/node_modules/drizzle-orm/node-postgres/session.js:117:22\n    at async createUser (file:///app/src/service/auth.service.js:27:26)\n    at async signup (file:///app/src/controllers/auth.controller.js:21:18)"}
{"level":"info","message":"::ffff:172.22.0.1 - - [29/Sep/2025:07:54:30 +0000] \"POST /api/auth/sign-up HTTP/1.1\" 500 888 \"-\" \"PostmanRuntime/7.48.0\"","service":"acquisitions-api"}
